1498286039048	geckodriver	INFO	Listening on 127.0.0.1:50234
1498286040498	geckodriver::marionette	INFO	Starting browser /usr/lib/firefox/firefox.sh with args ["-marionette"]
Fontconfig error: "~/.fonts.conf", line 1: XML declaration not well-formed
1498286049453	Marionette	INFO	Listening on port 43322
1498286050426	Marionette	WARN	TLS certificate errors will be ignored for this session
1498286262218	geckodriver	INFO	Listening on 127.0.0.1:55585
1498286264031	geckodriver::marionette	INFO	Starting browser /usr/lib/firefox/firefox.sh with args ["-marionette"]
Fontconfig error: "~/.fonts.conf", line 1: XML declaration not well-formed
1498286268478	Marionette	INFO	Listening on port 33049
1498286268645	Marionette	WARN	TLS certificate errors will be ignored for this session
1498286426554	Marionette	INFO	Ceased listening
1498286428832	geckodriver	INFO	Listening on 127.0.0.1:60462
1498286430317	geckodriver::marionette	INFO	Starting browser /usr/lib/firefox/firefox.sh with args ["-marionette"]
Fontconfig error: "~/.fonts.conf", line 1: XML declaration not well-formed
1498286434258	Marionette	INFO	Listening on port 43056
1498286434371	Marionette	WARN	TLS certificate errors will be ignored for this session
1498286443676	Marionette	INFO	Ceased listening
1498286444695	geckodriver	INFO	Listening on 127.0.0.1:34849
1498286446872	geckodriver::marionette	INFO	Starting browser /usr/lib/firefox/firefox.sh with args ["-marionette"]
Fontconfig error: "~/.fonts.conf", line 1: XML declaration not well-formed
1498286450059	Marionette	INFO	Listening on port 38716
1498286450125	Marionette	WARN	TLS certificate errors will be ignored for this session
1498286462672	Marionette	INFO	Ceased listening
1498286647485	geckodriver	INFO	Listening on 127.0.0.1:48327
1498286648559	geckodriver::marionette	INFO	Starting browser /usr/lib/firefox/firefox.sh with args ["-marionette"]
Fontconfig error: "~/.fonts.conf", line 1: XML declaration not well-formed
1498286656712	Marionette	INFO	Listening on port 38065
1498286656794	Marionette	WARN	TLS certificate errors will be ignored for this session
1498286681711	Marionette	INFO	Ceased listening
1498286685835	geckodriver	INFO	Listening on 127.0.0.1:60395
1498286686909	geckodriver::marionette	INFO	Starting browser /usr/lib/firefox/firefox.sh with args ["-marionette"]
Fontconfig error: "~/.fonts.conf", line 1: XML declaration not well-formed
1498286689783	Marionette	INFO	Listening on port 40368
1498286689905	Marionette	WARN	TLS certificate errors will be ignored for this session
1498286765355	geckodriver	INFO	Listening on 127.0.0.1:50970
1498286767554	geckodriver::marionette	INFO	Starting browser /usr/lib/firefox/firefox.sh with args ["-marionette"]
Fontconfig error: "~/.fonts.conf", line 1: XML declaration not well-formed
1498286771861	Marionette	INFO	Listening on port 39118
1498286772091	Marionette	WARN	TLS certificate errors will be ignored for this session
1498286774797	Marionette	INFO	Ceased listening
1498286813657	geckodriver	INFO	Listening on 127.0.0.1:52878
1498286815191	geckodriver::marionette	INFO	Starting browser /usr/lib/firefox/firefox.sh with args ["-marionette"]
Fontconfig error: "~/.fonts.conf", line 1: XML declaration not well-formed
1498286819526	Marionette	INFO	Listening on port 45396
1498286819826	Marionette	WARN	TLS certificate errors will be ignored for this session
1498286848608	Marionette	INFO	Ceased listening
1498286850902	Marionette	INFO	Ceased listening
1498286852846	geckodriver	INFO	Listening on 127.0.0.1:48725
1498286853922	geckodriver::marionette	INFO	Starting browser /usr/lib/firefox/firefox.sh with args ["-marionette"]
Fontconfig error: "~/.fonts.conf", line 1: XML declaration not well-formed
1498286856281	Marionette	INFO	Listening on port 41999
1498286856374	Marionette	WARN	TLS certificate errors will be ignored for this session
1498287004675	geckodriver	INFO	Listening on 127.0.0.1:48668
1498287005742	geckodriver::marionette	INFO	Starting browser /usr/lib/firefox/firefox.sh with args ["-marionette"]
Fontconfig error: "~/.fonts.conf", line 1: XML declaration not well-formed
1498287008708	Marionette	INFO	Listening on port 40504
1498287008911	Marionette	WARN	TLS certificate errors will be ignored for this session

(firefox:32730): Gtk-CRITICAL **: gtk_window_resize: assertion 'height > 0' failed
1498287112284	Marionette	INFO	Ceased listening
1498287114563	Marionette	INFO	Ceased listening
1498287117745	geckodriver	INFO	Listening on 127.0.0.1:37287
1498287118820	geckodriver::marionette	INFO	Starting browser /usr/lib/firefox/firefox.sh with args ["-marionette"]
Fontconfig error: "~/.fonts.conf", line 1: XML declaration not well-formed
1498287121346	Marionette	INFO	Listening on port 42484
1498287121748	Marionette	WARN	TLS certificate errors will be ignored for this session
JavaScript error: resource://gre/modules/commonjs/toolkit/loader.js -> resource://devtools/client/jsonview/converter-sniffer.js, line 68: NS_ERROR_NOT_AVAILABLE: Component returned failure code: 0x80040111 (NS_ERROR_NOT_AVAILABLE) [nsIChannel.contentType]
1498287180398	geckodriver	INFO	Listening on 127.0.0.1:45038
1498287181472	geckodriver::marionette	INFO	Starting browser /usr/lib/firefox/firefox.sh with args ["-marionette"]
Fontconfig error: "~/.fonts.conf", line 1: XML declaration not well-formed
1498287183783	Marionette	INFO	Listening on port 46736
1498287183899	Marionette	WARN	TLS certificate errors will be ignored for this session
JavaScript error: resource://gre/modules/commonjs/toolkit/loader.js -> resource://devtools/client/jsonview/converter-sniffer.js, line 68: NS_ERROR_NOT_AVAILABLE: Component returned failure code: 0x80040111 (NS_ERROR_NOT_AVAILABLE) [nsIChannel.contentType]
1498329919492	geckodriver	INFO	Listening on 127.0.0.1:51324
1498329920671	geckodriver::marionette	INFO	Starting browser /usr/lib/firefox/firefox.sh with args ["-marionette"]
Fontconfig error: "~/.fonts.conf", line 1: XML declaration not well-formed
1498329925076	Marionette	INFO	Listening on port 46273
1498329925228	Marionette	WARN	TLS certificate errors will be ignored for this session
1498329952055	geckodriver	INFO	Listening on 127.0.0.1:43710
1498329953102	geckodriver::marionette	INFO	Starting browser /usr/lib/firefox/firefox.sh with args ["-marionette"]
Fontconfig error: "~/.fonts.conf", line 1: XML declaration not well-formed
1498329955294	Marionette	INFO	Listening on port 43374
1498329955390	Marionette	WARN	TLS certificate errors will be ignored for this session
JavaScript error: resource://gre/modules/commonjs/toolkit/loader.js -> resource://devtools/client/jsonview/converter-sniffer.js, line 68: NS_ERROR_NOT_AVAILABLE: Component returned failure code: 0x80040111 (NS_ERROR_NOT_AVAILABLE) [nsIChannel.contentType]
1498330548535	geckodriver	INFO	Listening on 127.0.0.1:45716
1498330549519	geckodriver::marionette	INFO	Starting browser /usr/lib/firefox/firefox.sh with args ["-marionette"]
Fontconfig error: "~/.fonts.conf", line 1: XML declaration not well-formed
1498330553982	Marionette	INFO	Listening on port 46105
1498330554261	Marionette	WARN	TLS certificate errors will be ignored for this session
1498330628680	Marionette	INFO	Ceased listening
1498330630037	geckodriver	INFO	Listening on 127.0.0.1:39783
1498330631111	geckodriver::marionette	INFO	Starting browser /usr/lib/firefox/firefox.sh with args ["-marionette"]
Fontconfig error: "~/.fonts.conf", line 1: XML declaration not well-formed
1498330633891	Marionette	INFO	Listening on port 38413
1498330634032	Marionette	WARN	TLS certificate errors will be ignored for this session
1498330682067	Marionette	INFO	Ceased listening
1498330683393	geckodriver	INFO	Listening on 127.0.0.1:56927
1498330684464	geckodriver::marionette	INFO	Starting browser /usr/lib/firefox/firefox.sh with args ["-marionette"]
Fontconfig error: "~/.fonts.conf", line 1: XML declaration not well-formed
1498330687262	Marionette	INFO	Listening on port 42592
1498330687403	Marionette	WARN	TLS certificate errors will be ignored for this session
1498330724392	geckodriver	INFO	Listening on 127.0.0.1:33970
1498330725449	geckodriver::marionette	INFO	Starting browser /usr/lib/firefox/firefox.sh with args ["-marionette"]
Fontconfig error: "~/.fonts.conf", line 1: XML declaration not well-formed
1498330727419	Marionette	INFO	Ceased listening
1498330728590	Marionette	INFO	Listening on port 41842
1498330728654	Marionette	WARN	TLS certificate errors will be ignored for this session
1498330863183	geckodriver	INFO	Listening on 127.0.0.1:36851
1498330864157	geckodriver::marionette	INFO	Starting browser /usr/lib/firefox/firefox.sh with args ["-marionette"]
Fontconfig error: "~/.fonts.conf", line 1: XML declaration not well-formed
1498330866677	Marionette	INFO	Listening on port 41509
1498330866804	Marionette	WARN	TLS certificate errors will be ignored for this session
1498330884262	geckodriver	INFO	Listening on 127.0.0.1:35564
1498330885334	geckodriver::marionette	INFO	Starting browser /usr/lib/firefox/firefox.sh with args ["-marionette"]
Fontconfig error: "~/.fonts.conf", line 1: XML declaration not well-formed
1498330888369	Marionette	INFO	Listening on port 45653
1498330888483	Marionette	WARN	TLS certificate errors will be ignored for this session
1498330903317	geckodriver	INFO	Listening on 127.0.0.1:41707
1498330904392	geckodriver::marionette	INFO	Starting browser /usr/lib/firefox/firefox.sh with args ["-marionette"]
Fontconfig error: "~/.fonts.conf", line 1: XML declaration not well-formed
1498330907390	Marionette	INFO	Listening on port 46451
1498330907595	Marionette	WARN	TLS certificate errors will be ignored for this session
1498330933699	Marionette	INFO	Ceased listening
1498330934466	Marionette	INFO	Ceased listening
1498331059548	geckodriver	INFO	Listening on 127.0.0.1:46158
1498331062397	geckodriver::marionette	INFO	Starting browser /usr/lib/firefox/firefox.sh with args ["-marionette"]
Fontconfig error: "~/.fonts.conf", line 1: XML declaration not well-formed
1498331065432	Marionette	INFO	Listening on port 46620
1498331065545	Marionette	WARN	TLS certificate errors will be ignored for this session
1498331080883	Marionette	INFO	Ceased listening
1498331088743	geckodriver	INFO	Listening on 127.0.0.1:59720
1498331089801	geckodriver::marionette	INFO	Starting browser /usr/lib/firefox/firefox.sh with args ["-marionette"]
Fontconfig error: "~/.fonts.conf", line 1: XML declaration not well-formed
1498331092576	Marionette	INFO	Listening on port 34654
1498331092643	Marionette	WARN	TLS certificate errors will be ignored for this session
1498331116327	Marionette	INFO	Ceased listening
1498331130241	geckodriver	INFO	Listening on 127.0.0.1:52681
1498331131308	geckodriver::marionette	INFO	Starting browser /usr/lib/firefox/firefox.sh with args ["-marionette"]
Fontconfig error: "~/.fonts.conf", line 1: XML declaration not well-formed
1498331134131	Marionette	INFO	Listening on port 42028
1498331134223	Marionette	WARN	TLS certificate errors will be ignored for this session
1498331146962	geckodriver	INFO	Listening on 127.0.0.1:46321
1498331148208	geckodriver::marionette	INFO	Starting browser /usr/lib/firefox/firefox.sh with args ["-marionette"]
Fontconfig error: "~/.fonts.conf", line 1: XML declaration not well-formed
1498331150903	Marionette	INFO	Listening on port 42598
1498331151007	Marionette	WARN	TLS certificate errors will be ignored for this session
1498331173988	Marionette	INFO	Ceased listening
1498331181410	Marionette	INFO	Ceased listening
*************************
A coding exception was thrown and uncaught in a Task.

Full message: TypeError: NetworkError when attempting to fetch resource.
Full stack: 
*************************
1498331296448	geckodriver	INFO	Listening on 127.0.0.1:34471
1498331297322	geckodriver::marionette	INFO	Starting browser /usr/lib/firefox/firefox.sh with args ["-marionette"]
Fontconfig error: "~/.fonts.conf", line 1: XML declaration not well-formed
1498331300604	Marionette	INFO	Listening on port 46641
1498331300708	Marionette	WARN	TLS certificate errors will be ignored for this session
JavaScript error: resource://gre/modules/commonjs/toolkit/loader.js -> resource://devtools/client/jsonview/converter-sniffer.js, line 68: NS_ERROR_NOT_AVAILABLE: Component returned failure code: 0x80040111 (NS_ERROR_NOT_AVAILABLE) [nsIChannel.contentType]
JavaScript error: resource://gre/modules/commonjs/toolkit/loader.js -> resource://devtools/client/jsonview/converter-sniffer.js, line 68: NS_ERROR_NOT_AVAILABLE: Component returned failure code: 0x80040111 (NS_ERROR_NOT_AVAILABLE) [nsIChannel.contentType]
1498331332649	Marionette	INFO	Ceased listening
1498331353472	geckodriver	INFO	Listening on 127.0.0.1:37174
1498331354503	geckodriver::marionette	INFO	Starting browser /usr/lib/firefox/firefox.sh with args ["-marionette"]
Fontconfig error: "~/.fonts.conf", line 1: XML declaration not well-formed
1498331357345	Marionette	INFO	Listening on port 46342
1498331357478	Marionette	WARN	TLS certificate errors will be ignored for this session
JavaScript error: resource://gre/modules/commonjs/toolkit/loader.js -> resource://devtools/client/jsonview/converter-sniffer.js, line 68: NS_ERROR_NOT_AVAILABLE: Component returned failure code: 0x80040111 (NS_ERROR_NOT_AVAILABLE) [nsIChannel.contentType]
1498331498268	geckodriver	INFO	Listening on 127.0.0.1:48475
1498331499344	geckodriver::marionette	INFO	Starting browser /usr/lib/firefox/firefox.sh with args ["-marionette"]
Fontconfig error: "~/.fonts.conf", line 1: XML declaration not well-formed
1498331502096	Marionette	INFO	Listening on port 34753
1498331502171	Marionette	WARN	TLS certificate errors will be ignored for this session
1498331540542	Marionette	INFO	Ceased listening
1498331542334	geckodriver	INFO	Listening on 127.0.0.1:47294
1498331543410	geckodriver::marionette	INFO	Starting browser /usr/lib/firefox/firefox.sh with args ["-marionette"]
Fontconfig error: "~/.fonts.conf", line 1: XML declaration not well-formed
1498331546092	Marionette	INFO	Listening on port 42826
1498331546222	Marionette	WARN	TLS certificate errors will be ignored for this session
1498331558823	Marionette	INFO	Ceased listening
1498331672159	geckodriver	INFO	Listening on 127.0.0.1:49666
1498331673227	geckodriver::marionette	INFO	Starting browser /usr/lib/firefox/firefox.sh with args ["-marionette"]
Fontconfig error: "~/.fonts.conf", line 1: XML declaration not well-formed
1498331675944	Marionette	INFO	Listening on port 41612
1498331676027	Marionette	WARN	TLS certificate errors will be ignored for this session
1498331690916	geckodriver	INFO	Listening on 127.0.0.1:50893
1498331692040	geckodriver::marionette	INFO	Starting browser /usr/lib/firefox/firefox.sh with args ["-marionette"]
Fontconfig error: "~/.fonts.conf", line 1: XML declaration not well-formed
1498331693625	Marionette	INFO	Ceased listening
1498331694545	Marionette	INFO	Listening on port 42983
1498331694647	Marionette	WARN	TLS certificate errors will be ignored for this session
JavaScript error: resource://gre/modules/commonjs/toolkit/loader.js -> resource://devtools/client/jsonview/converter-sniffer.js, line 68: NS_ERROR_NOT_AVAILABLE: Component returned failure code: 0x80040111 (NS_ERROR_NOT_AVAILABLE) [nsIChannel.contentType]
1498331729514	Marionette	INFO	Ceased listening
1498331877045	geckodriver	INFO	Listening on 127.0.0.1:53926
1498331878542	geckodriver::marionette	INFO	Starting browser /usr/lib/firefox/firefox.sh with args ["-marionette"]
Fontconfig error: "~/.fonts.conf", line 1: XML declaration not well-formed
1498331881079	Marionette	INFO	Listening on port 43080
1498331881197	Marionette	WARN	TLS certificate errors will be ignored for this session
1498331918169	geckodriver	INFO	Listening on 127.0.0.1:47092
1498331919244	geckodriver::marionette	INFO	Starting browser /usr/lib/firefox/firefox.sh with args ["-marionette"]
Fontconfig error: "~/.fonts.conf", line 1: XML declaration not well-formed
1498331921520	Marionette	INFO	Listening on port 34847
1498331921605	Marionette	WARN	TLS certificate errors will be ignored for this session
1498331953402	geckodriver	INFO	Listening on 127.0.0.1:59454
1498331954474	geckodriver::marionette	INFO	Starting browser /usr/lib/firefox/firefox.sh with args ["-marionette"]
Fontconfig error: "~/.fonts.conf", line 1: XML declaration not well-formed
1498331956832	Marionette	INFO	Listening on port 43466
1498331956964	Marionette	WARN	TLS certificate errors will be ignored for this session
1498331984470	Marionette	INFO	Ceased listening
1498332050916	geckodriver	INFO	Listening on 127.0.0.1:54245
1498332051991	geckodriver::marionette	INFO	Starting browser /usr/lib/firefox/firefox.sh with args ["-marionette"]
Fontconfig error: "~/.fonts.conf", line 1: XML declaration not well-formed
1498332054510	Marionette	INFO	Listening on port 36289
1498332054645	Marionette	WARN	TLS certificate errors will be ignored for this session
1498332312591	geckodriver	INFO	Listening on 127.0.0.1:41225
1498332313666	geckodriver::marionette	INFO	Starting browser /usr/lib/firefox/firefox.sh with args ["-marionette"]
Fontconfig error: "~/.fonts.conf", line 1: XML declaration not well-formed
1498332316207	Marionette	INFO	Listening on port 37335
1498332316299	Marionette	WARN	TLS certificate errors will be ignored for this session
Warning: An attempt was made to write to the DEVTOOLS_COPY_UNIQUE_CSS_SELECTOR_OPENED_COUNT histogram, which is not defined in Histograms.json
Warning: An attempt was made to write to the DEVTOOLS_COPY_FULL_CSS_SELECTOR_OPENED_COUNT histogram, which is not defined in Histograms.json
Warning: An attempt was made to write to the DEVTOOLS_COPY_UNIQUE_CSS_SELECTOR_OPENED_COUNT histogram, which is not defined in Histograms.json
Warning: An attempt was made to write to the DEVTOOLS_COPY_FULL_CSS_SELECTOR_OPENED_COUNT histogram, which is not defined in Histograms.json
1498332466812	geckodriver	INFO	Listening on 127.0.0.1:34896
1498332467838	geckodriver::marionette	INFO	Starting browser /usr/lib/firefox/firefox.sh with args ["-marionette"]
Fontconfig error: "~/.fonts.conf", line 1: XML declaration not well-formed
1498332470375	Marionette	INFO	Listening on port 33322
1498332470472	Marionette	WARN	TLS certificate errors will be ignored for this session
1498332483543	Marionette	INFO	Ceased listening
1498332492248	Marionette	INFO	Ceased listening
1498332516786	geckodriver	INFO	Listening on 127.0.0.1:56605
1498332517861	geckodriver::marionette	INFO	Starting browser /usr/lib/firefox/firefox.sh with args ["-marionette"]
Fontconfig error: "~/.fonts.conf", line 1: XML declaration not well-formed
1498332520305	Marionette	INFO	Listening on port 46246
1498332520410	Marionette	WARN	TLS certificate errors will be ignored for this session
1498332721501	Marionette	INFO	Ceased listening
1498332726375	geckodriver	INFO	Listening on 127.0.0.1:58351
1498332727455	geckodriver::marionette	INFO	Starting browser /usr/lib/firefox/firefox.sh with args ["-marionette"]
Fontconfig error: "~/.fonts.conf", line 1: XML declaration not well-formed
1498332730144	Marionette	INFO	Listening on port 45145
1498332730238	Marionette	WARN	TLS certificate errors will be ignored for this session
1498332778349	Marionette	INFO	Ceased listening
1498332823184	geckodriver	INFO	Listening on 127.0.0.1:57908
1498332824283	geckodriver::marionette	INFO	Starting browser /usr/lib/firefox/firefox.sh with args ["-marionette"]
Fontconfig error: "~/.fonts.conf", line 1: XML declaration not well-formed
1498332827190	Marionette	INFO	Listening on port 37219
1498332827354	Marionette	WARN	TLS certificate errors will be ignored for this session
1498332860796	geckodriver	INFO	Listening on 127.0.0.1:40027
1498332861871	geckodriver::marionette	INFO	Starting browser /usr/lib/firefox/firefox.sh with args ["-marionette"]
Fontconfig error: "~/.fonts.conf", line 1: XML declaration not well-formed
1498332864239	Marionette	INFO	Listening on port 46775
1498332864347	Marionette	WARN	TLS certificate errors will be ignored for this session
1498332895950	Marionette	INFO	Ceased listening
1498332896567	geckodriver	INFO	Listening on 127.0.0.1:39070
1498332897637	geckodriver::marionette	INFO	Starting browser /usr/lib/firefox/firefox.sh with args ["-marionette"]
Fontconfig error: "~/.fonts.conf", line 1: XML declaration not well-formed
1498332900351	Marionette	INFO	Listening on port 45896
1498332900446	Marionette	WARN	TLS certificate errors will be ignored for this session
1498332960326	addons.productaddons	WARN	Failed downloading XML, status: 0, reason: error
1498332960565	Marionette	INFO	Ceased listening
1498332962876	geckodriver	INFO	Listening on 127.0.0.1:58095
1498332963949	geckodriver::marionette	INFO	Starting browser /usr/lib/firefox/firefox.sh with args ["-marionette"]
Fontconfig error: "~/.fonts.conf", line 1: XML declaration not well-formed
1498332966728	Marionette	INFO	Listening on port 35547
1498332966788	Marionette	WARN	TLS certificate errors will be ignored for this session
1498333078542	geckodriver	INFO	Listening on 127.0.0.1:46050
1498333079615	geckodriver::marionette	INFO	Starting browser /usr/lib/firefox/firefox.sh with args ["-marionette"]
Fontconfig error: "~/.fonts.conf", line 1: XML declaration not well-formed
1498333082098	Marionette	INFO	Listening on port 44128
1498333082229	Marionette	WARN	TLS certificate errors will be ignored for this session
1498333238355	geckodriver	INFO	Listening on 127.0.0.1:57085
1498333239165	geckodriver::marionette	INFO	Starting browser /usr/lib/firefox/firefox.sh with args ["-marionette"]
Fontconfig error: "~/.fonts.conf", line 1: XML declaration not well-formed
1498333242756	Marionette	INFO	Listening on port 33604
1498333245976	Marionette	WARN	TLS certificate errors will be ignored for this session
JavaScript error: resource://gre/modules/commonjs/toolkit/loader.js -> resource://devtools/client/jsonview/converter-sniffer.js, line 68: NS_ERROR_NOT_AVAILABLE: Component returned failure code: 0x80040111 (NS_ERROR_NOT_AVAILABLE) [nsIChannel.contentType]
JavaScript error: resource://gre/modules/commonjs/toolkit/loader.js -> resource://devtools/client/jsonview/converter-sniffer.js, line 68: NS_ERROR_NOT_AVAILABLE: Component returned failure code: 0x80040111 (NS_ERROR_NOT_AVAILABLE) [nsIChannel.contentType]
1498333560662	geckodriver	INFO	Listening on 127.0.0.1:55403
1498333561736	geckodriver::marionette	INFO	Starting browser /usr/lib/firefox/firefox.sh with args ["-marionette"]
Fontconfig error: "~/.fonts.conf", line 1: XML declaration not well-formed
1498333565217	Marionette	INFO	Listening on port 42186
1498333565353	Marionette	WARN	TLS certificate errors will be ignored for this session
1498333572044	Marionette	INFO	Ceased listening
1498333587947	geckodriver	INFO	Listening on 127.0.0.1:60974
1498333589020	geckodriver::marionette	INFO	Starting browser /usr/lib/firefox/firefox.sh with args ["-marionette"]
Fontconfig error: "~/.fonts.conf", line 1: XML declaration not well-formed
*************************
A coding exception was thrown and uncaught in a Task.

Full message: TypeError: NetworkError when attempting to fetch resource.
Full stack: 
*************************
1498333592910	Marionette	INFO	Ceased listening
1498333592971	Marionette	INFO	Listening on port 35980
1498333593038	Marionette	WARN	TLS certificate errors will be ignored for this session
1498333674321	geckodriver	INFO	Listening on 127.0.0.1:55962
1498333675499	geckodriver::marionette	INFO	Starting browser /usr/lib/firefox/firefox.sh with args ["-marionette"]
Fontconfig error: "~/.fonts.conf", line 1: XML declaration not well-formed
1498333678804	Marionette	INFO	Listening on port 42605
1498333678892	Marionette	WARN	TLS certificate errors will be ignored for this session
1498366864770	geckodriver	INFO	Listening on 127.0.0.1:58329
1498366865836	geckodriver::marionette	INFO	Starting browser /usr/lib/firefox/firefox.sh with args ["-marionette"]
Fontconfig error: "~/.fonts.conf", line 1: XML declaration not well-formed
1498366869703	Marionette	INFO	Listening on port 39198
1498366869863	Marionette	WARN	TLS certificate errors will be ignored for this session
JavaScript error: resource://gre/modules/commonjs/toolkit/loader.js -> resource://devtools/client/jsonview/converter-sniffer.js, line 68: NS_ERROR_NOT_AVAILABLE: Component returned failure code: 0x80040111 (NS_ERROR_NOT_AVAILABLE) [nsIChannel.contentType]
1498367311203	geckodriver	INFO	Listening on 127.0.0.1:37349
1498367312273	geckodriver::marionette	INFO	Starting browser /usr/lib/firefox/firefox.sh with args ["-marionette"]
Fontconfig error: "~/.fonts.conf", line 1: XML declaration not well-formed
1498367314744	Marionette	INFO	Listening on port 34936
1498367314898	Marionette	WARN	TLS certificate errors will be ignored for this session
JavaScript error: resource://gre/modules/commonjs/toolkit/loader.js -> resource://devtools/client/jsonview/converter-sniffer.js, line 68: NS_ERROR_NOT_AVAILABLE: Component returned failure code: 0x80040111 (NS_ERROR_NOT_AVAILABLE) [nsIChannel.contentType]
JavaScript error: resource://gre/modules/commonjs/toolkit/loader.js -> resource://devtools/client/jsonview/converter-sniffer.js, line 68: NS_ERROR_NOT_AVAILABLE: Component returned failure code: 0x80040111 (NS_ERROR_NOT_AVAILABLE) [nsIChannel.contentType]
1498367366418	geckodriver	INFO	Listening on 127.0.0.1:58536
1498367367493	geckodriver::marionette	INFO	Starting browser /usr/lib/firefox/firefox.sh with args ["-marionette"]
Fontconfig error: "~/.fonts.conf", line 1: XML declaration not well-formed
1498367370113	Marionette	INFO	Listening on port 38324
1498367370248	Marionette	WARN	TLS certificate errors will be ignored for this session
1498367505737	geckodriver	INFO	Listening on 127.0.0.1:55922
1498367506811	geckodriver::marionette	INFO	Starting browser /usr/lib/firefox/firefox.sh with args ["-marionette"]
Fontconfig error: "~/.fonts.conf", line 1: XML declaration not well-formed
1498367509641	Marionette	INFO	Listening on port 42641
1498367509755	Marionette	WARN	TLS certificate errors will be ignored for this session
1498367589472	geckodriver	INFO	Listening on 127.0.0.1:33500
1498367590547	geckodriver::marionette	INFO	Starting browser /usr/lib/firefox/firefox.sh with args ["-marionette"]
Fontconfig error: "~/.fonts.conf", line 1: XML declaration not well-formed
1498367594042	Marionette	INFO	Listening on port 46773
1498367594147	Marionette	WARN	TLS certificate errors will be ignored for this session
JavaScript error: resource://gre/modules/commonjs/toolkit/loader.js -> resource://devtools/client/jsonview/converter-sniffer.js, line 68: NS_ERROR_NOT_AVAILABLE: Component returned failure code: 0x80040111 (NS_ERROR_NOT_AVAILABLE) [nsIChannel.contentType]
1498367641236	geckodriver	INFO	Listening on 127.0.0.1:58103
1498367642308	geckodriver::marionette	INFO	Starting browser /usr/lib/firefox/firefox.sh with args ["-marionette"]
Fontconfig error: "~/.fonts.conf", line 1: XML declaration not well-formed
1498367646144	Marionette	INFO	Listening on port 33030
1498367646205	Marionette	WARN	TLS certificate errors will be ignored for this session
1498367654259	Marionette	INFO	Ceased listening
1498367681006	geckodriver	INFO	Listening on 127.0.0.1:49895
1498367682085	geckodriver::marionette	INFO	Starting browser /usr/lib/firefox/firefox.sh with args ["-marionette"]
Fontconfig error: "~/.fonts.conf", line 1: XML declaration not well-formed
1498367684617	Marionette	INFO	Listening on port 35731
1498367684711	Marionette	WARN	TLS certificate errors will be ignored for this session
1498368333966	geckodriver	INFO	Listening on 127.0.0.1:51838
1498368335039	geckodriver::marionette	INFO	Starting browser /usr/lib/firefox/firefox.sh with args ["-marionette"]
Fontconfig error: "~/.fonts.conf", line 1: XML declaration not well-formed
1498368339252	Marionette	INFO	Listening on port 38740
1498368339418	Marionette	WARN	TLS certificate errors will be ignored for this session
1498368347221	Marionette	INFO	Ceased listening
1498368365928	geckodriver	INFO	Listening on 127.0.0.1:54648
1498368367000	geckodriver::marionette	INFO	Starting browser /usr/lib/firefox/firefox.sh with args ["-marionette"]
Fontconfig error: "~/.fonts.conf", line 1: XML declaration not well-formed
1498368370233	Marionette	INFO	Listening on port 40024
1498368370332	Marionette	WARN	TLS certificate errors will be ignored for this session
JavaScript error: resource://gre/modules/commonjs/toolkit/loader.js -> resource://devtools/client/jsonview/converter-sniffer.js, line 68: NS_ERROR_NOT_AVAILABLE: Component returned failure code: 0x80040111 (NS_ERROR_NOT_AVAILABLE) [nsIChannel.contentType]
1498368413245	geckodriver	INFO	Listening on 127.0.0.1:51976
1498368414316	geckodriver::marionette	INFO	Starting browser /usr/lib/firefox/firefox.sh with args ["-marionette"]
Fontconfig error: "~/.fonts.conf", line 1: XML declaration not well-formed
1498368416643	Marionette	INFO	Listening on port 45349
1498368416747	Marionette	WARN	TLS certificate errors will be ignored for this session
JavaScript error: resource://gre/modules/commonjs/toolkit/loader.js -> resource://devtools/client/jsonview/converter-sniffer.js, line 68: NS_ERROR_NOT_AVAILABLE: Component returned failure code: 0x80040111 (NS_ERROR_NOT_AVAILABLE) [nsIChannel.contentType]
JavaScript error: resource://gre/modules/commonjs/toolkit/loader.js -> resource://devtools/client/jsonview/converter-sniffer.js, line 68: NS_ERROR_NOT_AVAILABLE: Component returned failure code: 0x80040111 (NS_ERROR_NOT_AVAILABLE) [nsIChannel.contentType]
1498368476312	geckodriver	INFO	Listening on 127.0.0.1:40904
1498368477387	geckodriver::marionette	INFO	Starting browser /usr/lib/firefox/firefox.sh with args ["-marionette"]
Fontconfig error: "~/.fonts.conf", line 1: XML declaration not well-formed
1498368480535	Marionette	INFO	Listening on port 45169
1498368480636	Marionette	WARN	TLS certificate errors will be ignored for this session
1498368509120	geckodriver	INFO	Listening on 127.0.0.1:44127
1498368510193	geckodriver::marionette	INFO	Starting browser /usr/lib/firefox/firefox.sh with args ["-marionette"]
Fontconfig error: "~/.fonts.conf", line 1: XML declaration not well-formed
1498368511971	geckodriver	INFO	Listening on 127.0.0.1:38439
1498368513044	geckodriver::marionette	INFO	Starting browser /usr/lib/firefox/firefox.sh with args ["-marionette"]
Fontconfig error: "~/.fonts.conf", line 1: XML declaration not well-formed
1498368515467	Marionette	INFO	Listening on port 38613
1498368515642	Marionette	WARN	TLS certificate errors will be ignored for this session
JavaScript error: resource://gre/modules/commonjs/toolkit/loader.js -> resource://devtools/client/jsonview/converter-sniffer.js, line 68: NS_ERROR_NOT_AVAILABLE: Component returned failure code: 0x80040111 (NS_ERROR_NOT_AVAILABLE) [nsIChannel.contentType]
1498368547104	geckodriver	INFO	Listening on 127.0.0.1:33445
1498368548183	geckodriver::marionette	INFO	Starting browser /usr/lib/firefox/firefox.sh with args ["-marionette"]
Fontconfig error: "~/.fonts.conf", line 1: XML declaration not well-formed
1498368550529	Marionette	INFO	Listening on port 45285
1498368550674	Marionette	WARN	TLS certificate errors will be ignored for this session
JavaScript error: resource://gre/modules/commonjs/toolkit/loader.js -> resource://devtools/client/jsonview/converter-sniffer.js, line 68: NS_ERROR_NOT_AVAILABLE: Component returned failure code: 0x80040111 (NS_ERROR_NOT_AVAILABLE) [nsIChannel.contentType]
1498368594216	geckodriver	INFO	Listening on 127.0.0.1:39100
1498368595287	geckodriver::marionette	INFO	Starting browser /usr/lib/firefox/firefox.sh with args ["-marionette"]
Fontconfig error: "~/.fonts.conf", line 1: XML declaration not well-formed
1498368597977	Marionette	INFO	Listening on port 32973
1498368598077	Marionette	WARN	TLS certificate errors will be ignored for this session
JavaScript error: resource://gre/modules/commonjs/toolkit/loader.js -> resource://devtools/client/jsonview/converter-sniffer.js, line 68: NS_ERROR_NOT_AVAILABLE: Component returned failure code: 0x80040111 (NS_ERROR_NOT_AVAILABLE) [nsIChannel.contentType]
JavaScript error: resource://gre/modules/commonjs/toolkit/loader.js -> resource://devtools/client/jsonview/converter-sniffer.js, line 68: NS_ERROR_NOT_AVAILABLE: Component returned failure code: 0x80040111 (NS_ERROR_NOT_AVAILABLE) [nsIChannel.contentType]
1498368697471	geckodriver	INFO	Listening on 127.0.0.1:48543
1498368698550	geckodriver::marionette	INFO	Starting browser /usr/lib/firefox/firefox.sh with args ["-marionette"]
Fontconfig error: "~/.fonts.conf", line 1: XML declaration not well-formed
1498368700244	Marionette	INFO	Ceased listening
1498368700985	Marionette	INFO	Listening on port 39653
1498368701055	Marionette	WARN	TLS certificate errors will be ignored for this session
1498368758187	geckodriver	INFO	Listening on 127.0.0.1:46491
1498368759264	geckodriver::marionette	INFO	Starting browser /usr/lib/firefox/firefox.sh with args ["-marionette"]
Fontconfig error: "~/.fonts.conf", line 1: XML declaration not well-formed
1498368761482	Marionette	INFO	Listening on port 45737
1498368761608	Marionette	WARN	TLS certificate errors will be ignored for this session
1498368816841	geckodriver	INFO	Listening on 127.0.0.1:55631
1498368817915	geckodriver::marionette	INFO	Starting browser /usr/lib/firefox/firefox.sh with args ["-marionette"]
Fontconfig error: "~/.fonts.conf", line 1: XML declaration not well-formed
1498368820829	Marionette	INFO	Listening on port 44651
1498368820889	Marionette	WARN	TLS certificate errors will be ignored for this session
1498368915455	geckodriver	INFO	Listening on 127.0.0.1:56326
1498368916527	geckodriver::marionette	INFO	Starting browser /usr/lib/firefox/firefox.sh with args ["-marionette"]
Fontconfig error: "~/.fonts.conf", line 1: XML declaration not well-formed
1498368918769	Marionette	INFO	Listening on port 36175
1498368918883	Marionette	WARN	TLS certificate errors will be ignored for this session
1498369000970	geckodriver	INFO	Listening on 127.0.0.1:52083
1498369002042	geckodriver::marionette	INFO	Starting browser /usr/lib/firefox/firefox.sh with args ["-marionette"]
Fontconfig error: "~/.fonts.conf", line 1: XML declaration not well-formed
1498369004143	Marionette	INFO	Listening on port 35943
1498369004229	Marionette	WARN	TLS certificate errors will be ignored for this session
JavaScript error: resource://gre/modules/commonjs/toolkit/loader.js -> resource://devtools/client/jsonview/converter-sniffer.js, line 68: NS_ERROR_NOT_AVAILABLE: Component returned failure code: 0x80040111 (NS_ERROR_NOT_AVAILABLE) [nsIChannel.contentType]
JavaScript error: resource://gre/modules/commonjs/toolkit/loader.js -> resource://devtools/client/jsonview/converter-sniffer.js, line 68: NS_ERROR_NOT_AVAILABLE: Component returned failure code: 0x80040111 (NS_ERROR_NOT_AVAILABLE) [nsIChannel.contentType]
JavaScript error: resource://gre/modules/commonjs/toolkit/loader.js -> resource://devtools/client/jsonview/converter-sniffer.js, line 68: NS_ERROR_NOT_AVAILABLE: Component returned failure code: 0x80040111 (NS_ERROR_NOT_AVAILABLE) [nsIChannel.contentType]
1498369044140	geckodriver	INFO	Listening on 127.0.0.1:56049
1498369045213	geckodriver::marionette	INFO	Starting browser /usr/lib/firefox/firefox.sh with args ["-marionette"]
Fontconfig error: "~/.fonts.conf", line 1: XML declaration not well-formed
1498369047432	Marionette	INFO	Listening on port 39990
1498369047519	Marionette	WARN	TLS certificate errors will be ignored for this session
JavaScript error: resource://gre/modules/commonjs/toolkit/loader.js -> resource://devtools/client/jsonview/converter-sniffer.js, line 68: NS_ERROR_NOT_AVAILABLE: Component returned failure code: 0x80040111 (NS_ERROR_NOT_AVAILABLE) [nsIChannel.contentType]
1498369127566	geckodriver	INFO	Listening on 127.0.0.1:47072
1498369128632	geckodriver::marionette	INFO	Starting browser /usr/lib/firefox/firefox.sh with args ["-marionette"]
Fontconfig error: "~/.fonts.conf", line 1: XML declaration not well-formed
1498369130958	Marionette	INFO	Listening on port 44773
1498369131039	Marionette	WARN	TLS certificate errors will be ignored for this session
JavaScript error: resource://gre/modules/commonjs/toolkit/loader.js -> resource://devtools/client/jsonview/converter-sniffer.js, line 68: NS_ERROR_NOT_AVAILABLE: Component returned failure code: 0x80040111 (NS_ERROR_NOT_AVAILABLE) [nsIChannel.contentType]
1498369174229	geckodriver	INFO	Listening on 127.0.0.1:49495
1498369175308	geckodriver::marionette	INFO	Starting browser /usr/lib/firefox/firefox.sh with args ["-marionette"]
Fontconfig error: "~/.fonts.conf", line 1: XML declaration not well-formed
1498369177503	Marionette	INFO	Listening on port 43233
1498369177608	Marionette	WARN	TLS certificate errors will be ignored for this session
JavaScript error: resource://gre/modules/commonjs/toolkit/loader.js -> resource://devtools/client/jsonview/converter-sniffer.js, line 68: NS_ERROR_NOT_AVAILABLE: Component returned failure code: 0x80040111 (NS_ERROR_NOT_AVAILABLE) [nsIChannel.contentType]
1498369184319	Marionette	INFO	Ceased listening
1498369241143	geckodriver	INFO	Listening on 127.0.0.1:46408
1498369242213	geckodriver::marionette	INFO	Starting browser /usr/lib/firefox/firefox.sh with args ["-marionette"]
Fontconfig error: "~/.fonts.conf", line 1: XML declaration not well-formed
1498369244470	Marionette	INFO	Listening on port 44023
1498369244582	Marionette	WARN	TLS certificate errors will be ignored for this session
JavaScript error: resource://gre/modules/commonjs/toolkit/loader.js -> resource://devtools/client/jsonview/converter-sniffer.js, line 68: NS_ERROR_NOT_AVAILABLE: Component returned failure code: 0x80040111 (NS_ERROR_NOT_AVAILABLE) [nsIChannel.contentType]
1498369297200	geckodriver	INFO	Listening on 127.0.0.1:45001
1498369298278	geckodriver::marionette	INFO	Starting browser /usr/lib/firefox/firefox.sh with args ["-marionette"]
Fontconfig error: "~/.fonts.conf", line 1: XML declaration not well-formed
1498369300517	Marionette	INFO	Listening on port 43159
1498369300615	Marionette	WARN	TLS certificate errors will be ignored for this session
1498369310923	geckodriver	INFO	Listening on 127.0.0.1:39425
1498369311993	geckodriver::marionette	INFO	Starting browser /usr/lib/firefox/firefox.sh with args ["-marionette"]
Fontconfig error: "~/.fonts.conf", line 1: XML declaration not well-formed
1498369314753	Marionette	INFO	Listening on port 45467
1498369314840	Marionette	WARN	TLS certificate errors will be ignored for this session
1498369439395	geckodriver	INFO	Listening on 127.0.0.1:49086
1498369440467	geckodriver::marionette	INFO	Starting browser /usr/lib/firefox/firefox.sh with args ["-marionette"]
Fontconfig error: "~/.fonts.conf", line 1: XML declaration not well-formed
1498369442804	Marionette	INFO	Listening on port 42504
1498369442906	Marionette	WARN	TLS certificate errors will be ignored for this session
1498369544743	geckodriver	INFO	Listening on 127.0.0.1:56867
1498369545815	geckodriver::marionette	INFO	Starting browser /usr/lib/firefox/firefox.sh with args ["-marionette"]
Fontconfig error: "~/.fonts.conf", line 1: XML declaration not well-formed
1498369548217	Marionette	INFO	Listening on port 35903
1498369548284	Marionette	WARN	TLS certificate errors will be ignored for this session
JavaScript error: resource://gre/modules/commonjs/toolkit/loader.js -> resource://devtools/client/jsonview/converter-sniffer.js, line 68: NS_ERROR_NOT_AVAILABLE: Component returned failure code: 0x80040111 (NS_ERROR_NOT_AVAILABLE) [nsIChannel.contentType]
JavaScript error: resource://gre/modules/commonjs/toolkit/loader.js -> resource://devtools/client/jsonview/converter-sniffer.js, line 68: NS_ERROR_NOT_AVAILABLE: Component returned failure code: 0x80040111 (NS_ERROR_NOT_AVAILABLE) [nsIChannel.contentType]
JavaScript error: resource://gre/modules/commonjs/toolkit/loader.js -> resource://devtools/client/jsonview/converter-sniffer.js, line 68: NS_ERROR_NOT_AVAILABLE: Component returned failure code: 0x80040111 (NS_ERROR_NOT_AVAILABLE) [nsIChannel.contentType]
JavaScript error: resource://gre/modules/commonjs/toolkit/loader.js -> resource://devtools/client/jsonview/converter-sniffer.js, line 68: NS_ERROR_NOT_AVAILABLE: Component returned failure code: 0x80040111 (NS_ERROR_NOT_AVAILABLE) [nsIChannel.contentType]
*************************
A coding exception was thrown and uncaught in a Task.

Full message: TypeError: NetworkError when attempting to fetch resource.
Full stack: 
*************************
1498411948850	geckodriver	INFO	Listening on 127.0.0.1:60253
1498411949921	geckodriver::marionette	INFO	Starting browser /usr/lib/firefox/firefox.sh with args ["-marionette"]
Fontconfig error: "~/.fonts.conf", line 1: XML declaration not well-formed
1498411953748	Marionette	INFO	Listening on port 42519
1498411953840	Marionette	WARN	TLS certificate errors will be ignored for this session
1498411980322	geckodriver	INFO	Listening on 127.0.0.1:33020
1498411981392	geckodriver::marionette	INFO	Starting browser /usr/lib/firefox/firefox.sh with args ["-marionette"]
Fontconfig error: "~/.fonts.conf", line 1: XML declaration not well-formed
1498411983262	Marionette	INFO	Ceased listening
1498411983986	Marionette	INFO	Listening on port 38866
1498411984068	Marionette	WARN	TLS certificate errors will be ignored for this session
